BUILD: Setting dates and version (to Oktober 06, 2024 and 0.0.2)...
BUILD: ...set.

BUILD: Compiling manpage...
[32mok[0m
BUILD: ...compiled



BUILD: Compiling binary for AUR with -m...
:: Checking for musl toolchain...
[32mok[0m
BUILD: ...compiled.



BUILD: Producing binary rremind-0.0.2-x86_64.tar.gz with manpage inside...
BUILD: ...produced.



BUILD: Updating GIT...
[32mok[0m
[master f3e42d1] Add 'rremind check' and 'rremind help'
 11 files changed, 613 insertions(+), 138 deletions(-)
 create mode 100644 build_0.0.2.log
 create mode 100644 src/parser/mod.rs
[32mok[0m
[32mok[0m
BUILD: ...committed



Lade Version für AUR hoch
BUILD: Going to /home/heiko/tools/rremind_upstream, pushing commit there...
[32mok[0m
[master 297bfc8] Add 'rremind check' and 'rremind help'
 3 files changed, 6 insertions(+), 680 deletions(-)
 delete mode 100644 LICENSE.md
[32mok[0m
[32mok[0m
BUILD: ...pushed to AUR



Lade Release auf GitHub hoch
[32mok[0m
BUILD: Publishing on crates.io?
BUILD: finished
