BUILD: Setting dates and version (to Oktober 07, 2024 and 0.0.3)...
BUILD: ...set.

BUILD: Compiling manpage...
[32mok[0m
BUILD: ...compiled



BUILD: Compiling binary for AUR with -m...
:: Checking for musl toolchain...
[32mok[0m
BUILD: ...compiled.



BUILD: Producing binary rremind-0.0.3-x86_64.tar.gz with manpage inside...
BUILD: ...produced.



BUILD: Updating GIT...
[32mok[0m
[master 04d15c5] Repair issues with upper and lower case; repair calculation and display of duration.
 10 files changed, 160 insertions(+), 119 deletions(-)
 create mode 100644 build_0.0.3.log
[32mok[0m
[32mok[0m
BUILD: ...committed



Lade Version für AUR hoch
BUILD: Going to /home/heiko/tools/rremind_upstream, pushing commit there...
[32mok[0m
[master 6370c87] Repair issues with upper and lower case; repair calculation and display of duration.
 2 files changed, 5 insertions(+), 5 deletions(-)
[32mok[0m
[32mok[0m
BUILD: ...pushed to AUR



Lade Release auf GitHub hoch
[32mok[0m
BUILD: Publishing on crates.io?
BUILD: finished
