BUILD: Setting dates and version (to Oktober 06, 2024 and 0.0.2)...
BUILD: ...set.

BUILD: Compiling manpage...
[32mok[0m
BUILD: ...compiled



BUILD: Compiling binary for AUR with -m...
:: Checking for musl toolchain...
:: Running release build...
:: Stripping binary...
:: Packing tarball...
:: Done.
[32mok[0m
BUILD: ...compiled.



BUILD: Producing binary rremind-0.0.2-x86_64.tar.gz with manpage inside...
BUILD: ...produced.



BUILD: Updating GIT...
[32mok[0m
[master 2f9b9c7] Add 'rremind check' and 'rremind help'
 3 files changed, 42 insertions(+)
 create mode 100644 build_0.0.2_bash2.log
[32mok[0m
[32mok[0m
BUILD: ...committed



Lade Version für AUR hoch
BUILD: Going to /home/heiko/tools/rremind_upstream, pushing commit there...
[32mok[0m
[master ab710ee] Add 'rremind check' and 'rremind help'
 2 files changed, 2 insertions(+), 2 deletions(-)
[32mok[0m
[32mok[0m
BUILD: ...pushed to AUR



Lade Release auf GitHub hoch
[32mok[0m
BUILD: Publishing on crates.io?
BUILD: finished
